2025-01-11 17:43:07,953 - INFO - Use pytorch device_name: cpu
2025-01-11 17:43:07,953 - INFO - Load pretrained SentenceTransformer: sentence-transformers/all-MiniLM-L6-v2
2025-01-11 17:43:07,959 - DEBUG - Starting new HTTPS connection (1): huggingface.co:443
2025-01-11 17:43:08,463 - DEBUG - https://huggingface.co:443 "HEAD /sentence-transformers/all-MiniLM-L6-v2/resolve/main/modules.json HTTP/1.1" 200 0
2025-01-11 17:43:08,752 - DEBUG - https://huggingface.co:443 "HEAD /sentence-transformers/all-MiniLM-L6-v2/resolve/main/config_sentence_transformers.json HTTP/1.1" 200 0
2025-01-11 17:43:09,039 - DEBUG - https://huggingface.co:443 "HEAD /sentence-transformers/all-MiniLM-L6-v2/resolve/main/README.md HTTP/1.1" 200 0
2025-01-11 17:43:09,383 - DEBUG - https://huggingface.co:443 "HEAD /sentence-transformers/all-MiniLM-L6-v2/resolve/main/modules.json HTTP/1.1" 200 0
2025-01-11 17:43:09,762 - DEBUG - https://huggingface.co:443 "HEAD /sentence-transformers/all-MiniLM-L6-v2/resolve/main/sentence_bert_config.json HTTP/1.1" 200 0
2025-01-11 17:43:10,078 - DEBUG - https://huggingface.co:443 "HEAD /sentence-transformers/all-MiniLM-L6-v2/resolve/main/adapter_config.json HTTP/1.1" 404 0
2025-01-11 17:43:10,373 - DEBUG - https://huggingface.co:443 "HEAD /sentence-transformers/all-MiniLM-L6-v2/resolve/main/config.json HTTP/1.1" 200 0
2025-01-11 17:43:11,455 - DEBUG - https://huggingface.co:443 "HEAD /sentence-transformers/all-MiniLM-L6-v2/resolve/main/tokenizer_config.json HTTP/1.1" 200 0
2025-01-11 17:43:11,838 - DEBUG - https://huggingface.co:443 "GET /api/models/sentence-transformers/all-MiniLM-L6-v2/revision/main HTTP/1.1" 200 6780
2025-01-11 17:43:12,136 - DEBUG - https://huggingface.co:443 "GET /api/models/sentence-transformers/all-MiniLM-L6-v2 HTTP/1.1" 200 6780
2025-01-11 17:43:12,144 - DEBUG - Environment variable FAISS_OPT_LEVEL is not set, so let's pick the instruction set according to the current CPU
2025-01-11 17:43:12,145 - INFO - Loading faiss with AVX2 support.
2025-01-11 17:43:12,173 - INFO - Successfully loaded faiss with AVX2 support.
2025-01-11 17:43:12,683 - DEBUG - https://huggingface.co:443 "GET /api/models/google/flan-t5-base HTTP/1.1" 200 7247
2025-01-11 17:43:12,760 - DEBUG - Starting new HTTPS connection (1): api-inference.huggingface.co:443
2025-01-11 17:43:13,595 - DEBUG - https://api-inference.huggingface.co:443 "POST /models/google/flan-t5-base HTTP/1.1" 200 28
2025-01-11 17:43:13,596 - DEBUG - Raw document content: Câu hỏi: Học liệu điện tử là gì? 
Câu trả lời: Điều 2. Giải thích từ ngữ
1. Học liệu điện tử: là các tài liệu học tập được số hóa theo các định dạng đa phương tiện trên máy tính (văn bản, âm thanh, hình ảnh, video, đồ họa, …), được cấu trúc theo kịch bản dạy và học nhất định, có nội dung đáp ứng chuẩn đầu ra của một môn học. Video bài giảng là thành phần bắt buộc phải có của học liệu điện tử. 
Căn cứ: Khoản 1, Điều 2, QUY ĐỊNH DẠY VÀ HỌC THEO PHƯƠNG THỨC TRỰC TUYẾN VÀ PHƯƠNG THỨC KẾT HỢP CỦA TRƯỜNG ĐẠI HỌC CÔNG NGHỆ THÔNG TIN 
Ngày ban hành: 16/03/2023 
Ngày cập nhật: Không có
2025-01-11 17:43:13,597 - DEBUG - Raw document content: Câu hỏi: Trường có những loại học phần nào? 
Câu trả lời: Điều 3. Môn học
2. Các loại học phần
- Học phần tích lũy: là học phần mà sinh viên có kết quả tổng kết học phần được từ 5 điểm trở lên.
- Học phần bắt buộc: là học phần bắt buộc sinh viên phải học và tích lũy theo ngành hoặc chuyên ngành đã chọn.
- Học phần tự chọn: là học phần sinh viên có thể đăng ký học hay không tùy theo nguyện vọng.
- Học phần chung (Giáo dục quốc phòng-An ninh, Giáo dục Thể chất, Lý luận chính trị, Ngoại ngữ,…) là các học phần được giảng dạy và học tập chung cho các ngành theo quy định của Bộ GD&ĐT và hướng dẫn của ĐHQG-HCM.
- Học phần tự chọn định hướng: là học phần mà sinh viên phải chọn trong các học phần quy định cho một ngành học cụ thể.
- Học phần tiên quyết: là học phần bắt buộc sinh viên phải học trước và tích lũy mới được học tiếp sang học phần có liên quan khác.
2025-01-11 17:43:13,597 - DEBUG - Raw document content: - Học phần tương đương: là học phần có nội dung kiến thức và thời lượng tương đương với một học phần khác.
- Học phần mới: là học phần sinh viên đăng ký học lần đầu tiên.
- Học phần học lại: là học phần sinh viên đã học nhưng kết quả chưa đạt (điểm nhỏ hơn 5), sinh viên phải đăng ký học lại học phần đó nếu là học phần bắt buộc.
- Học phần học cải thiện: là học phần sinh viên đã học có kết quả đạt (từ 5 điểm trở lên), nhưng muốn đăng ký học lại. Sinh viên chỉ được đăng ký học cải thiện theo quy định tại Khoản 3 Điều 14 của quy chế này.
- Học phần điều kiện: là các học phần sinh viên bắt buộc phải học như giáo dục thể chất, giáo dục quốc phòng - an ninh, có kết quả đánh giá không tính vào điểm trung bình chung học kỳ, điểm trung bình chung tích lũy.
- Học phần tài năng: là các học phần được tổ chức nhằm tăng cường tương tác giữa giảng viên và sinh viên, khuyến khích tư duy phản biện, khả năng sáng tạo, khả năng phát triển và trình bày ý tưởng của sinh viên.
2025-01-11 17:43:13,597 - DEBUG - Raw document content: Câu hỏi: Tín chỉ học phí là gì? 
Câu trả lời: Điều 4. Tín chỉ học tập - Tín chỉ học phí
2. Tín chỉ học phí (TCHP): là đơn vị dùng để lượng hóa chi phí của các hoạt động giảng dạy
tính cho từng học phần. Số TCHP của mỗi học phần được xác định căn cứ vào đề cương
và cách thức tổ chức học phần; cụ thể như sau:
- Phần giảng dạy lý thuyết tại lớp: 15 tiết tương đương với 1 TCHP.
- Phần giảng dạy thực hành, thí nghiệm, thảo luận:
o Học phần thực hành HT1 : 1 TCTH tương đương 2 TCHP.
o Học phần thực hành HT2 : 1 TCTH tương đương 1 TCHP.
- Một số học phần đặc biệt được xác định số TCHP riêng theo quyết định của Hiệu
trưởng gồm các loại học phần: Giáo dục quốc phòng - an ninh, Giáo dục thể chất,
Thực tập doanh nghiệp, Khóa luận tốt nghiệp, Môn học đồ án (bao gồm chuyên đề
nghiên cứu khoa học, seminar,…).
- Có 3 loại TCHP:
o TCHP học lại (TCHPHL): là tín chỉ học phí của học phần học lại.
o TCHP học cải thiện (TCHPCT): là tín chỉ học phí của học phần học cải thiện.
2025-01-11 17:43:13,597 - DEBUG - Raw document content: Câu hỏi: Học phần là gì? 
Câu trả lời: Điều 3. Môn học
1. Học phần (hay môn học) là khối lượng kiến thức tương đối trọn vẹn, thuận tiện cho người học tích lũy trong quá trình học tập, nội dung được bố trí giảng dạy trong một học kỳ. Mỗi học phần được ký hiệu bằng một mã riêng do Trường quy định. Mỗi học phần thực hành, thí nghiệm, kiến tập,… có khối lượng từ 1 – 3 tín chỉ, mỗi học phần lý thuyết hoặc học phần có cả lý thuyết và thực hành có khối lượng từ 1 – 4 tín chỉ. Trường có hai hình thức tổ chức giảng dạy thực hành:
- Thực hành Hình thức 1 (HT1): là hình thức dạy thực hành có sự hướng dẫn của giảng viên cho toàn thời lượng học thực hành.
- Thực hành Hình thức 2 (HT2): là hình thức dạy thực hành có sự hướng dẫn của giảng viên với thời lượng 09 tiết/tín chỉ thực hành, không nhất thiết phải sử dụng phòng thực hành chuyên dụng. 
Căn cứ: KHOẢN 1, ĐIỀU 3, QUY CHẾ ĐÀO TẠO THEO HỌC CHẾ TÍN CHỈ CHO HỆ ĐẠI HỌC CHÍNH QUY CỦA TRƯỜNG ĐẠI HỌC CÔNG NGHỆ THÔNG TIN 
Ngày ban hành: 28/09/2022
2025-01-11 17:43:13,597 - DEBUG - Formatted results: [{'answer': 'Điều 2. Giải thích từ ngữ\n1. Học liệu điện tử: là các tài liệu học tập được số hóa theo các định dạng đa phương tiện trên máy tính (văn bản, âm thanh, hình ảnh, video, đồ họa, …), được cấu trúc theo kịch bản dạy và học nhất định, có nội dung đáp ứng chuẩn đầu ra của một môn học. Video bài giảng là thành phần bắt buộc phải có của học liệu điện tử.', 'source': 'Khoản 1, Điều 2, QUY ĐỊNH DẠY VÀ HỌC THEO PHƯƠNG THỨC TRỰC TUYẾN VÀ PHƯƠNG THỨC KẾT HỢP CỦA TRƯỜNG ĐẠI HỌC CÔNG NGHỆ THÔNG TIN', 'issueDate': '16/03/2023', 'updateDate': 'Không có', 'sourcePath': '', 'updateFilesPath': ''}, {'answer': 'Điều 3. Môn học\n2. Các loại học phần\n- Học phần tích lũy: là học phần mà sinh viên có kết quả tổng kết học phần được từ 5 điểm trở lên.\n- Học phần bắt buộc: là học phần bắt buộc sinh viên phải học và tích lũy theo ngành hoặc chuyên ngành đã chọn.\n- Học phần tự chọn: là học phần sinh viên có thể đăng ký học hay không tùy theo nguyện vọng.\n- Học phần chung (Giáo dục quốc phòng-An ninh, Giáo dục Thể chất, Lý luận chính trị, Ngoại ngữ,…) là các học phần được giảng dạy và học tập chung cho các ngành theo quy định của Bộ GD&ĐT và hướng dẫn của ĐHQG-HCM.\n- Học phần tự chọn định hướng: là học phần mà sinh viên phải chọn trong các học phần quy định cho một ngành học cụ thể.\n- Học phần tiên quyết: là học phần bắt buộc sinh viên phải học trước và tích lũy mới được học tiếp sang học phần có liên quan khác.', 'source': '', 'issueDate': '', 'updateDate': '', 'sourcePath': '', 'updateFilesPath': ''}, {'answer': '', 'source': '', 'issueDate': '', 'updateDate': '', 'sourcePath': '', 'updateFilesPath': ''}, {'answer': 'Điều 4. Tín chỉ học tập - Tín chỉ học phí\n2. Tín chỉ học phí (TCHP): là đơn vị dùng để lượng hóa chi phí của các hoạt động giảng dạy\ntính cho từng học phần. Số TCHP của mỗi học phần được xác định căn cứ vào đề cương\nvà cách thức tổ chức học phần; cụ thể như sau:\n- Phần giảng dạy lý thuyết tại lớp: 15 tiết tương đương với 1 TCHP.\n- Phần giảng dạy thực hành, thí nghiệm, thảo luận:\no Học phần thực hành HT1 : 1 TCTH tương đương 2 TCHP.\no Học phần thực hành HT2 : 1 TCTH tương đương 1 TCHP.\n- Một số học phần đặc biệt được xác định số TCHP riêng theo quyết định của Hiệu\ntrưởng gồm các loại học phần: Giáo dục quốc phòng - an ninh, Giáo dục thể chất,\nThực tập doanh nghiệp, Khóa luận tốt nghiệp, Môn học đồ án (bao gồm chuyên đề\nnghiên cứu khoa học, seminar,…).\n- Có 3 loại TCHP:\no TCHP học lại (TCHPHL): là tín chỉ học phí của học phần học lại.\no TCHP học cải thiện (TCHPCT): là tín chỉ học phí của học phần học cải thiện.', 'source': '', 'issueDate': '', 'updateDate': '', 'sourcePath': '', 'updateFilesPath': ''}, {'answer': 'Điều 3. Môn học\n1. Học phần (hay môn học) là khối lượng kiến thức tương đối trọn vẹn, thuận tiện cho người học tích lũy trong quá trình học tập, nội dung được bố trí giảng dạy trong một học kỳ. Mỗi học phần được ký hiệu bằng một mã riêng do Trường quy định. Mỗi học phần thực hành, thí nghiệm, kiến tập,… có khối lượng từ 1 – 3 tín chỉ, mỗi học phần lý thuyết hoặc học phần có cả lý thuyết và thực hành có khối lượng từ 1 – 4 tín chỉ. Trường có hai hình thức tổ chức giảng dạy thực hành:\n- Thực hành Hình thức 1 (HT1): là hình thức dạy thực hành có sự hướng dẫn của giảng viên cho toàn thời lượng học thực hành.\n- Thực hành Hình thức 2 (HT2): là hình thức dạy thực hành có sự hướng dẫn của giảng viên với thời lượng 09 tiết/tín chỉ thực hành, không nhất thiết phải sử dụng phòng thực hành chuyên dụng.', 'source': 'KHOẢN 1, ĐIỀU 3, QUY CHẾ ĐÀO TẠO THEO HỌC CHẾ TÍN CHỈ CHO HỆ ĐẠI HỌC CHÍNH QUY CỦA TRƯỜNG ĐẠI HỌC CÔNG NGHỆ THÔNG TIN', 'issueDate': '28/09/2022', 'updateDate': '', 'sourcePath': '', 'updateFilesPath': ''}]
2025-01-11 17:44:23,857 - INFO - Use pytorch device_name: cpu
2025-01-11 17:44:23,857 - INFO - Load pretrained SentenceTransformer: sentence-transformers/all-MiniLM-L6-v2
2025-01-11 17:44:23,867 - DEBUG - Starting new HTTPS connection (1): huggingface.co:443
2025-01-11 17:44:24,314 - DEBUG - https://huggingface.co:443 "HEAD /sentence-transformers/all-MiniLM-L6-v2/resolve/main/modules.json HTTP/1.1" 200 0
2025-01-11 17:44:24,628 - DEBUG - https://huggingface.co:443 "HEAD /sentence-transformers/all-MiniLM-L6-v2/resolve/main/config_sentence_transformers.json HTTP/1.1" 200 0
2025-01-11 17:44:24,890 - DEBUG - https://huggingface.co:443 "HEAD /sentence-transformers/all-MiniLM-L6-v2/resolve/main/README.md HTTP/1.1" 200 0
2025-01-11 17:44:25,156 - DEBUG - https://huggingface.co:443 "HEAD /sentence-transformers/all-MiniLM-L6-v2/resolve/main/modules.json HTTP/1.1" 200 0
2025-01-11 17:44:25,423 - DEBUG - https://huggingface.co:443 "HEAD /sentence-transformers/all-MiniLM-L6-v2/resolve/main/sentence_bert_config.json HTTP/1.1" 200 0
2025-01-11 17:44:25,709 - DEBUG - https://huggingface.co:443 "HEAD /sentence-transformers/all-MiniLM-L6-v2/resolve/main/adapter_config.json HTTP/1.1" 404 0
2025-01-11 17:44:26,097 - DEBUG - https://huggingface.co:443 "HEAD /sentence-transformers/all-MiniLM-L6-v2/resolve/main/config.json HTTP/1.1" 200 0
2025-01-11 17:44:27,294 - DEBUG - https://huggingface.co:443 "HEAD /sentence-transformers/all-MiniLM-L6-v2/resolve/main/tokenizer_config.json HTTP/1.1" 200 0
2025-01-11 17:44:27,690 - DEBUG - https://huggingface.co:443 "GET /api/models/sentence-transformers/all-MiniLM-L6-v2/revision/main HTTP/1.1" 200 6780
2025-01-11 17:44:28,264 - DEBUG - https://huggingface.co:443 "GET /api/models/sentence-transformers/all-MiniLM-L6-v2 HTTP/1.1" 200 6780
2025-01-11 17:44:28,274 - DEBUG - Environment variable FAISS_OPT_LEVEL is not set, so let's pick the instruction set according to the current CPU
2025-01-11 17:44:28,274 - INFO - Loading faiss with AVX2 support.
2025-01-11 17:44:28,312 - INFO - Successfully loaded faiss with AVX2 support.
2025-01-11 17:44:28,952 - DEBUG - https://huggingface.co:443 "GET /api/models/google/flan-t5-base HTTP/1.1" 200 7247
2025-01-11 17:44:29,011 - DEBUG - Starting new HTTPS connection (1): api-inference.huggingface.co:443
2025-01-11 17:44:29,828 - DEBUG - https://api-inference.huggingface.co:443 "POST /models/google/flan-t5-base HTTP/1.1" 200 28
2025-01-11 17:44:29,829 - DEBUG - Raw document content: Câu hỏi: Học liệu điện tử là gì? 
Câu trả lời: Điều 2. Giải thích từ ngữ
1. Học liệu điện tử: là các tài liệu học tập được số hóa theo các định dạng đa phương tiện trên máy tính (văn bản, âm thanh, hình ảnh, video, đồ họa, …), được cấu trúc theo kịch bản dạy và học nhất định, có nội dung đáp ứng chuẩn đầu ra của một môn học. Video bài giảng là thành phần bắt buộc phải có của học liệu điện tử. 
Căn cứ: Khoản 1, Điều 2, QUY ĐỊNH DẠY VÀ HỌC THEO PHƯƠNG THỨC TRỰC TUYẾN VÀ PHƯƠNG THỨC KẾT HỢP CỦA TRƯỜNG ĐẠI HỌC CÔNG NGHỆ THÔNG TIN 
Ngày ban hành: 16/03/2023 
Ngày cập nhật: Không có
2025-01-11 17:44:29,830 - DEBUG - Raw document content: Câu hỏi: Trường có những loại học phần nào? 
Câu trả lời: Điều 3. Môn học
2. Các loại học phần
- Học phần tích lũy: là học phần mà sinh viên có kết quả tổng kết học phần được từ 5 điểm trở lên.
- Học phần bắt buộc: là học phần bắt buộc sinh viên phải học và tích lũy theo ngành hoặc chuyên ngành đã chọn.
- Học phần tự chọn: là học phần sinh viên có thể đăng ký học hay không tùy theo nguyện vọng.
- Học phần chung (Giáo dục quốc phòng-An ninh, Giáo dục Thể chất, Lý luận chính trị, Ngoại ngữ,…) là các học phần được giảng dạy và học tập chung cho các ngành theo quy định của Bộ GD&ĐT và hướng dẫn của ĐHQG-HCM.
- Học phần tự chọn định hướng: là học phần mà sinh viên phải chọn trong các học phần quy định cho một ngành học cụ thể.
- Học phần tiên quyết: là học phần bắt buộc sinh viên phải học trước và tích lũy mới được học tiếp sang học phần có liên quan khác.
2025-01-11 17:44:29,830 - DEBUG - Raw document content: - Học phần tương đương: là học phần có nội dung kiến thức và thời lượng tương đương với một học phần khác.
- Học phần mới: là học phần sinh viên đăng ký học lần đầu tiên.
- Học phần học lại: là học phần sinh viên đã học nhưng kết quả chưa đạt (điểm nhỏ hơn 5), sinh viên phải đăng ký học lại học phần đó nếu là học phần bắt buộc.
- Học phần học cải thiện: là học phần sinh viên đã học có kết quả đạt (từ 5 điểm trở lên), nhưng muốn đăng ký học lại. Sinh viên chỉ được đăng ký học cải thiện theo quy định tại Khoản 3 Điều 14 của quy chế này.
- Học phần điều kiện: là các học phần sinh viên bắt buộc phải học như giáo dục thể chất, giáo dục quốc phòng - an ninh, có kết quả đánh giá không tính vào điểm trung bình chung học kỳ, điểm trung bình chung tích lũy.
- Học phần tài năng: là các học phần được tổ chức nhằm tăng cường tương tác giữa giảng viên và sinh viên, khuyến khích tư duy phản biện, khả năng sáng tạo, khả năng phát triển và trình bày ý tưởng của sinh viên.
2025-01-11 17:44:29,830 - DEBUG - Raw document content: Câu hỏi: Tín chỉ học phí là gì? 
Câu trả lời: Điều 4. Tín chỉ học tập - Tín chỉ học phí
2. Tín chỉ học phí (TCHP): là đơn vị dùng để lượng hóa chi phí của các hoạt động giảng dạy
tính cho từng học phần. Số TCHP của mỗi học phần được xác định căn cứ vào đề cương
và cách thức tổ chức học phần; cụ thể như sau:
- Phần giảng dạy lý thuyết tại lớp: 15 tiết tương đương với 1 TCHP.
- Phần giảng dạy thực hành, thí nghiệm, thảo luận:
o Học phần thực hành HT1 : 1 TCTH tương đương 2 TCHP.
o Học phần thực hành HT2 : 1 TCTH tương đương 1 TCHP.
- Một số học phần đặc biệt được xác định số TCHP riêng theo quyết định của Hiệu
trưởng gồm các loại học phần: Giáo dục quốc phòng - an ninh, Giáo dục thể chất,
Thực tập doanh nghiệp, Khóa luận tốt nghiệp, Môn học đồ án (bao gồm chuyên đề
nghiên cứu khoa học, seminar,…).
- Có 3 loại TCHP:
o TCHP học lại (TCHPHL): là tín chỉ học phí của học phần học lại.
o TCHP học cải thiện (TCHPCT): là tín chỉ học phí của học phần học cải thiện.
2025-01-11 17:44:29,830 - DEBUG - Raw document content: Câu hỏi: Học phần là gì? 
Câu trả lời: Điều 3. Môn học
1. Học phần (hay môn học) là khối lượng kiến thức tương đối trọn vẹn, thuận tiện cho người học tích lũy trong quá trình học tập, nội dung được bố trí giảng dạy trong một học kỳ. Mỗi học phần được ký hiệu bằng một mã riêng do Trường quy định. Mỗi học phần thực hành, thí nghiệm, kiến tập,… có khối lượng từ 1 – 3 tín chỉ, mỗi học phần lý thuyết hoặc học phần có cả lý thuyết và thực hành có khối lượng từ 1 – 4 tín chỉ. Trường có hai hình thức tổ chức giảng dạy thực hành:
- Thực hành Hình thức 1 (HT1): là hình thức dạy thực hành có sự hướng dẫn của giảng viên cho toàn thời lượng học thực hành.
- Thực hành Hình thức 2 (HT2): là hình thức dạy thực hành có sự hướng dẫn của giảng viên với thời lượng 09 tiết/tín chỉ thực hành, không nhất thiết phải sử dụng phòng thực hành chuyên dụng. 
Căn cứ: KHOẢN 1, ĐIỀU 3, QUY CHẾ ĐÀO TẠO THEO HỌC CHẾ TÍN CHỈ CHO HỆ ĐẠI HỌC CHÍNH QUY CỦA TRƯỜNG ĐẠI HỌC CÔNG NGHỆ THÔNG TIN 
Ngày ban hành: 28/09/2022
2025-01-11 17:44:29,830 - DEBUG - Formatted results: [{'answer': 'Điều 2. Giải thích từ ngữ\n1. Học liệu điện tử: là các tài liệu học tập được số hóa theo các định dạng đa phương tiện trên máy tính (văn bản, âm thanh, hình ảnh, video, đồ họa, …), được cấu trúc theo kịch bản dạy và học nhất định, có nội dung đáp ứng chuẩn đầu ra của một môn học. Video bài giảng là thành phần bắt buộc phải có của học liệu điện tử.', 'source': 'Khoản 1, Điều 2, QUY ĐỊNH DẠY VÀ HỌC THEO PHƯƠNG THỨC TRỰC TUYẾN VÀ PHƯƠNG THỨC KẾT HỢP CỦA TRƯỜNG ĐẠI HỌC CÔNG NGHỆ THÔNG TIN', 'issueDate': '16/03/2023', 'updateDate': 'Không có', 'sourcePath': '', 'updateFilesPath': ''}, {'answer': 'Điều 3. Môn học\n2. Các loại học phần\n- Học phần tích lũy: là học phần mà sinh viên có kết quả tổng kết học phần được từ 5 điểm trở lên.\n- Học phần bắt buộc: là học phần bắt buộc sinh viên phải học và tích lũy theo ngành hoặc chuyên ngành đã chọn.\n- Học phần tự chọn: là học phần sinh viên có thể đăng ký học hay không tùy theo nguyện vọng.\n- Học phần chung (Giáo dục quốc phòng-An ninh, Giáo dục Thể chất, Lý luận chính trị, Ngoại ngữ,…) là các học phần được giảng dạy và học tập chung cho các ngành theo quy định của Bộ GD&ĐT và hướng dẫn của ĐHQG-HCM.\n- Học phần tự chọn định hướng: là học phần mà sinh viên phải chọn trong các học phần quy định cho một ngành học cụ thể.\n- Học phần tiên quyết: là học phần bắt buộc sinh viên phải học trước và tích lũy mới được học tiếp sang học phần có liên quan khác.', 'source': '', 'issueDate': '', 'updateDate': '', 'sourcePath': '', 'updateFilesPath': ''}, {'answer': '', 'source': '', 'issueDate': '', 'updateDate': '', 'sourcePath': '', 'updateFilesPath': ''}, {'answer': 'Điều 4. Tín chỉ học tập - Tín chỉ học phí\n2. Tín chỉ học phí (TCHP): là đơn vị dùng để lượng hóa chi phí của các hoạt động giảng dạy\ntính cho từng học phần. Số TCHP của mỗi học phần được xác định căn cứ vào đề cương\nvà cách thức tổ chức học phần; cụ thể như sau:\n- Phần giảng dạy lý thuyết tại lớp: 15 tiết tương đương với 1 TCHP.\n- Phần giảng dạy thực hành, thí nghiệm, thảo luận:\no Học phần thực hành HT1 : 1 TCTH tương đương 2 TCHP.\no Học phần thực hành HT2 : 1 TCTH tương đương 1 TCHP.\n- Một số học phần đặc biệt được xác định số TCHP riêng theo quyết định của Hiệu\ntrưởng gồm các loại học phần: Giáo dục quốc phòng - an ninh, Giáo dục thể chất,\nThực tập doanh nghiệp, Khóa luận tốt nghiệp, Môn học đồ án (bao gồm chuyên đề\nnghiên cứu khoa học, seminar,…).\n- Có 3 loại TCHP:\no TCHP học lại (TCHPHL): là tín chỉ học phí của học phần học lại.\no TCHP học cải thiện (TCHPCT): là tín chỉ học phí của học phần học cải thiện.', 'source': '', 'issueDate': '', 'updateDate': '', 'sourcePath': '', 'updateFilesPath': ''}, {'answer': 'Điều 3. Môn học\n1. Học phần (hay môn học) là khối lượng kiến thức tương đối trọn vẹn, thuận tiện cho người học tích lũy trong quá trình học tập, nội dung được bố trí giảng dạy trong một học kỳ. Mỗi học phần được ký hiệu bằng một mã riêng do Trường quy định. Mỗi học phần thực hành, thí nghiệm, kiến tập,… có khối lượng từ 1 – 3 tín chỉ, mỗi học phần lý thuyết hoặc học phần có cả lý thuyết và thực hành có khối lượng từ 1 – 4 tín chỉ. Trường có hai hình thức tổ chức giảng dạy thực hành:\n- Thực hành Hình thức 1 (HT1): là hình thức dạy thực hành có sự hướng dẫn của giảng viên cho toàn thời lượng học thực hành.\n- Thực hành Hình thức 2 (HT2): là hình thức dạy thực hành có sự hướng dẫn của giảng viên với thời lượng 09 tiết/tín chỉ thực hành, không nhất thiết phải sử dụng phòng thực hành chuyên dụng.', 'source': 'KHOẢN 1, ĐIỀU 3, QUY CHẾ ĐÀO TẠO THEO HỌC CHẾ TÍN CHỈ CHO HỆ ĐẠI HỌC CHÍNH QUY CỦA TRƯỜNG ĐẠI HỌC CÔNG NGHỆ THÔNG TIN', 'issueDate': '28/09/2022', 'updateDate': '', 'sourcePath': '', 'updateFilesPath': ''}]
2025-01-11 18:02:12,471 - INFO - Use pytorch device_name: cpu
2025-01-11 18:02:12,471 - INFO - Load pretrained SentenceTransformer: sentence-transformers/all-MiniLM-L6-v2
2025-01-11 18:02:12,481 - DEBUG - Starting new HTTPS connection (1): huggingface.co:443
2025-01-11 18:02:12,988 - DEBUG - https://huggingface.co:443 "HEAD /sentence-transformers/all-MiniLM-L6-v2/resolve/main/modules.json HTTP/1.1" 200 0
2025-01-11 18:02:13,741 - DEBUG - https://huggingface.co:443 "HEAD /sentence-transformers/all-MiniLM-L6-v2/resolve/main/config_sentence_transformers.json HTTP/1.1" 200 0
2025-01-11 18:02:14,039 - DEBUG - https://huggingface.co:443 "HEAD /sentence-transformers/all-MiniLM-L6-v2/resolve/main/README.md HTTP/1.1" 200 0
2025-01-11 18:02:14,328 - DEBUG - https://huggingface.co:443 "HEAD /sentence-transformers/all-MiniLM-L6-v2/resolve/main/modules.json HTTP/1.1" 200 0
2025-01-11 18:02:14,624 - DEBUG - https://huggingface.co:443 "HEAD /sentence-transformers/all-MiniLM-L6-v2/resolve/main/sentence_bert_config.json HTTP/1.1" 200 0
2025-01-11 18:02:14,921 - DEBUG - https://huggingface.co:443 "HEAD /sentence-transformers/all-MiniLM-L6-v2/resolve/main/adapter_config.json HTTP/1.1" 404 0
2025-01-11 18:02:15,216 - DEBUG - https://huggingface.co:443 "HEAD /sentence-transformers/all-MiniLM-L6-v2/resolve/main/config.json HTTP/1.1" 200 0
2025-01-11 18:02:16,578 - DEBUG - https://huggingface.co:443 "HEAD /sentence-transformers/all-MiniLM-L6-v2/resolve/main/tokenizer_config.json HTTP/1.1" 200 0
2025-01-11 18:02:16,977 - DEBUG - https://huggingface.co:443 "GET /api/models/sentence-transformers/all-MiniLM-L6-v2/revision/main HTTP/1.1" 200 6780
2025-01-11 18:02:17,279 - DEBUG - https://huggingface.co:443 "GET /api/models/sentence-transformers/all-MiniLM-L6-v2 HTTP/1.1" 200 6780
2025-01-11 18:02:17,291 - DEBUG - Environment variable FAISS_OPT_LEVEL is not set, so let's pick the instruction set according to the current CPU
2025-01-11 18:02:17,292 - INFO - Loading faiss with AVX2 support.
2025-01-11 18:02:17,332 - INFO - Successfully loaded faiss with AVX2 support.
2025-01-11 18:02:17,937 - DEBUG - https://huggingface.co:443 "GET /api/models/google/flan-t5-base HTTP/1.1" 200 7247
2025-01-11 18:02:18,035 - DEBUG - Starting new HTTPS connection (1): api-inference.huggingface.co:443
2025-01-11 18:02:18,872 - DEBUG - https://api-inference.huggingface.co:443 "POST /models/google/flan-t5-base HTTP/1.1" 200 28
2025-01-11 18:02:18,873 - DEBUG - Raw document content: Câu hỏi: Học liệu điện tử là gì? 
Câu trả lời: Điều 2. Giải thích từ ngữ
1. Học liệu điện tử: là các tài liệu học tập được số hóa theo các định dạng đa phương tiện trên máy tính (văn bản, âm thanh, hình ảnh, video, đồ họa, …), được cấu trúc theo kịch bản dạy và học nhất định, có nội dung đáp ứng chuẩn đầu ra của một môn học. Video bài giảng là thành phần bắt buộc phải có của học liệu điện tử. 
Căn cứ: Khoản 1, Điều 2, QUY ĐỊNH DẠY VÀ HỌC THEO PHƯƠNG THỨC TRỰC TUYẾN VÀ PHƯƠNG THỨC KẾT HỢP CỦA TRƯỜNG ĐẠI HỌC CÔNG NGHỆ THÔNG TIN 
Ngày ban hành: 16/03/2023 
Ngày cập nhật: Không có
2025-01-11 18:02:18,874 - DEBUG - Raw document content: Câu hỏi: Trường có những loại học phần nào? 
Câu trả lời: Điều 3. Môn học
2. Các loại học phần
- Học phần tích lũy: là học phần mà sinh viên có kết quả tổng kết học phần được từ 5 điểm trở lên.
- Học phần bắt buộc: là học phần bắt buộc sinh viên phải học và tích lũy theo ngành hoặc chuyên ngành đã chọn.
- Học phần tự chọn: là học phần sinh viên có thể đăng ký học hay không tùy theo nguyện vọng.
- Học phần chung (Giáo dục quốc phòng-An ninh, Giáo dục Thể chất, Lý luận chính trị, Ngoại ngữ,…) là các học phần được giảng dạy và học tập chung cho các ngành theo quy định của Bộ GD&ĐT và hướng dẫn của ĐHQG-HCM.
- Học phần tự chọn định hướng: là học phần mà sinh viên phải chọn trong các học phần quy định cho một ngành học cụ thể.
- Học phần tiên quyết: là học phần bắt buộc sinh viên phải học trước và tích lũy mới được học tiếp sang học phần có liên quan khác.
2025-01-11 18:02:18,875 - DEBUG - Raw document content: - Học phần tương đương: là học phần có nội dung kiến thức và thời lượng tương đương với một học phần khác.
- Học phần mới: là học phần sinh viên đăng ký học lần đầu tiên.
- Học phần học lại: là học phần sinh viên đã học nhưng kết quả chưa đạt (điểm nhỏ hơn 5), sinh viên phải đăng ký học lại học phần đó nếu là học phần bắt buộc.
- Học phần học cải thiện: là học phần sinh viên đã học có kết quả đạt (từ 5 điểm trở lên), nhưng muốn đăng ký học lại. Sinh viên chỉ được đăng ký học cải thiện theo quy định tại Khoản 3 Điều 14 của quy chế này.
- Học phần điều kiện: là các học phần sinh viên bắt buộc phải học như giáo dục thể chất, giáo dục quốc phòng - an ninh, có kết quả đánh giá không tính vào điểm trung bình chung học kỳ, điểm trung bình chung tích lũy.
- Học phần tài năng: là các học phần được tổ chức nhằm tăng cường tương tác giữa giảng viên và sinh viên, khuyến khích tư duy phản biện, khả năng sáng tạo, khả năng phát triển và trình bày ý tưởng của sinh viên.
2025-01-11 18:02:18,875 - DEBUG - Raw document content: Câu hỏi: Tín chỉ học phí là gì? 
Câu trả lời: Điều 4. Tín chỉ học tập - Tín chỉ học phí
2. Tín chỉ học phí (TCHP): là đơn vị dùng để lượng hóa chi phí của các hoạt động giảng dạy
tính cho từng học phần. Số TCHP của mỗi học phần được xác định căn cứ vào đề cương
và cách thức tổ chức học phần; cụ thể như sau:
- Phần giảng dạy lý thuyết tại lớp: 15 tiết tương đương với 1 TCHP.
- Phần giảng dạy thực hành, thí nghiệm, thảo luận:
o Học phần thực hành HT1 : 1 TCTH tương đương 2 TCHP.
o Học phần thực hành HT2 : 1 TCTH tương đương 1 TCHP.
- Một số học phần đặc biệt được xác định số TCHP riêng theo quyết định của Hiệu
trưởng gồm các loại học phần: Giáo dục quốc phòng - an ninh, Giáo dục thể chất,
Thực tập doanh nghiệp, Khóa luận tốt nghiệp, Môn học đồ án (bao gồm chuyên đề
nghiên cứu khoa học, seminar,…).
- Có 3 loại TCHP:
o TCHP học lại (TCHPHL): là tín chỉ học phí của học phần học lại.
o TCHP học cải thiện (TCHPCT): là tín chỉ học phí của học phần học cải thiện.
2025-01-11 18:02:18,875 - DEBUG - Raw document content: Câu hỏi: Học phần là gì? 
Câu trả lời: Điều 3. Môn học
1. Học phần (hay môn học) là khối lượng kiến thức tương đối trọn vẹn, thuận tiện cho người học tích lũy trong quá trình học tập, nội dung được bố trí giảng dạy trong một học kỳ. Mỗi học phần được ký hiệu bằng một mã riêng do Trường quy định. Mỗi học phần thực hành, thí nghiệm, kiến tập,… có khối lượng từ 1 – 3 tín chỉ, mỗi học phần lý thuyết hoặc học phần có cả lý thuyết và thực hành có khối lượng từ 1 – 4 tín chỉ. Trường có hai hình thức tổ chức giảng dạy thực hành:
- Thực hành Hình thức 1 (HT1): là hình thức dạy thực hành có sự hướng dẫn của giảng viên cho toàn thời lượng học thực hành.
- Thực hành Hình thức 2 (HT2): là hình thức dạy thực hành có sự hướng dẫn của giảng viên với thời lượng 09 tiết/tín chỉ thực hành, không nhất thiết phải sử dụng phòng thực hành chuyên dụng. 
Căn cứ: KHOẢN 1, ĐIỀU 3, QUY CHẾ ĐÀO TẠO THEO HỌC CHẾ TÍN CHỈ CHO HỆ ĐẠI HỌC CHÍNH QUY CỦA TRƯỜNG ĐẠI HỌC CÔNG NGHỆ THÔNG TIN 
Ngày ban hành: 28/09/2022
2025-01-11 18:02:18,875 - DEBUG - Formatted results: [{'answer': 'Điều 2. Giải thích từ ngữ\n1. Học liệu điện tử: là các tài liệu học tập được số hóa theo các định dạng đa phương tiện trên máy tính (văn bản, âm thanh, hình ảnh, video, đồ họa, …), được cấu trúc theo kịch bản dạy và học nhất định, có nội dung đáp ứng chuẩn đầu ra của một môn học. Video bài giảng là thành phần bắt buộc phải có của học liệu điện tử.', 'source': 'Khoản 1, Điều 2, QUY ĐỊNH DẠY VÀ HỌC THEO PHƯƠNG THỨC TRỰC TUYẾN VÀ PHƯƠNG THỨC KẾT HỢP CỦA TRƯỜNG ĐẠI HỌC CÔNG NGHỆ THÔNG TIN', 'issueDate': '16/03/2023', 'updateDate': 'Không có', 'sourcePath': '', 'updateFilesPath': ''}, {'answer': 'Điều 3. Môn học\n2. Các loại học phần\n- Học phần tích lũy: là học phần mà sinh viên có kết quả tổng kết học phần được từ 5 điểm trở lên.\n- Học phần bắt buộc: là học phần bắt buộc sinh viên phải học và tích lũy theo ngành hoặc chuyên ngành đã chọn.\n- Học phần tự chọn: là học phần sinh viên có thể đăng ký học hay không tùy theo nguyện vọng.\n- Học phần chung (Giáo dục quốc phòng-An ninh, Giáo dục Thể chất, Lý luận chính trị, Ngoại ngữ,…) là các học phần được giảng dạy và học tập chung cho các ngành theo quy định của Bộ GD&ĐT và hướng dẫn của ĐHQG-HCM.\n- Học phần tự chọn định hướng: là học phần mà sinh viên phải chọn trong các học phần quy định cho một ngành học cụ thể.\n- Học phần tiên quyết: là học phần bắt buộc sinh viên phải học trước và tích lũy mới được học tiếp sang học phần có liên quan khác.', 'source': '', 'issueDate': '', 'updateDate': '', 'sourcePath': '', 'updateFilesPath': ''}, {'answer': '', 'source': '', 'issueDate': '', 'updateDate': '', 'sourcePath': '', 'updateFilesPath': ''}, {'answer': 'Điều 4. Tín chỉ học tập - Tín chỉ học phí\n2. Tín chỉ học phí (TCHP): là đơn vị dùng để lượng hóa chi phí của các hoạt động giảng dạy\ntính cho từng học phần. Số TCHP của mỗi học phần được xác định căn cứ vào đề cương\nvà cách thức tổ chức học phần; cụ thể như sau:\n- Phần giảng dạy lý thuyết tại lớp: 15 tiết tương đương với 1 TCHP.\n- Phần giảng dạy thực hành, thí nghiệm, thảo luận:\no Học phần thực hành HT1 : 1 TCTH tương đương 2 TCHP.\no Học phần thực hành HT2 : 1 TCTH tương đương 1 TCHP.\n- Một số học phần đặc biệt được xác định số TCHP riêng theo quyết định của Hiệu\ntrưởng gồm các loại học phần: Giáo dục quốc phòng - an ninh, Giáo dục thể chất,\nThực tập doanh nghiệp, Khóa luận tốt nghiệp, Môn học đồ án (bao gồm chuyên đề\nnghiên cứu khoa học, seminar,…).\n- Có 3 loại TCHP:\no TCHP học lại (TCHPHL): là tín chỉ học phí của học phần học lại.\no TCHP học cải thiện (TCHPCT): là tín chỉ học phí của học phần học cải thiện.', 'source': '', 'issueDate': '', 'updateDate': '', 'sourcePath': '', 'updateFilesPath': ''}, {'answer': 'Điều 3. Môn học\n1. Học phần (hay môn học) là khối lượng kiến thức tương đối trọn vẹn, thuận tiện cho người học tích lũy trong quá trình học tập, nội dung được bố trí giảng dạy trong một học kỳ. Mỗi học phần được ký hiệu bằng một mã riêng do Trường quy định. Mỗi học phần thực hành, thí nghiệm, kiến tập,… có khối lượng từ 1 – 3 tín chỉ, mỗi học phần lý thuyết hoặc học phần có cả lý thuyết và thực hành có khối lượng từ 1 – 4 tín chỉ. Trường có hai hình thức tổ chức giảng dạy thực hành:\n- Thực hành Hình thức 1 (HT1): là hình thức dạy thực hành có sự hướng dẫn của giảng viên cho toàn thời lượng học thực hành.\n- Thực hành Hình thức 2 (HT2): là hình thức dạy thực hành có sự hướng dẫn của giảng viên với thời lượng 09 tiết/tín chỉ thực hành, không nhất thiết phải sử dụng phòng thực hành chuyên dụng.', 'source': 'KHOẢN 1, ĐIỀU 3, QUY CHẾ ĐÀO TẠO THEO HỌC CHẾ TÍN CHỈ CHO HỆ ĐẠI HỌC CHÍNH QUY CỦA TRƯỜNG ĐẠI HỌC CÔNG NGHỆ THÔNG TIN', 'issueDate': '28/09/2022', 'updateDate': '', 'sourcePath': '', 'updateFilesPath': ''}]
